
FAILURE: Build failed with an exception.

* Where:
Settings file 'C:\Users\21508\.gemini\antigravity\scratch\pulse-app\android\settings.gradle' line: 5

* What went wrong:
A problem occurred evaluating settings 'android'.
> BUG! exception in phase 'semantic analysis' in source unit '_BuildScript_' Unsupported class file major version 69

* Try:
> Run with --stacktrace option to get the stack trace.
> Run with --info or --debug option to get more log output.
> Run with --scan to get full insights.
> Get more help at https://help.gradle.org.

BUILD FAILED in 941ms
